#
# A fatal error has been detected by the Java Runtime Environment:
#
#  Internal Error (javaClasses.cpp:126), pid=7592, tid=7924
#  fatal error: Invalid layout of preloaded class
#
# JRE version:  (8.0_25-b18) (build )
# Java VM: Java HotSpot(TM) 64-Bit Server VM (25.25-b02 mixed mode windows-amd64 compressed oops)
# Failed to write core dump. Minidumps are not enabled by default on client versions of Windows
#
# If you would like to submit a bug report, please visit:
#   http://bugreport.sun.com/bugreport/crash.jsp
#

---------------  T H R E A D  ---------------

Current thread (0x00000000025ee000):  JavaThread "Unknown thread" [_thread_in_vm, id=7924, stack(0x0000000002a10000,0x0000000002b10000)]

Stack: [0x0000000002a10000,0x0000000002b10000]
Native frames: (J=compiled Java code, j=interpreted, Vv=VM code, C=native code)
V  [jvm.dll+0x31667a]
V  [jvm.dll+0x267073]
V  [jvm.dll+0x267cb3]
V  [jvm.dll+0x25f536]
V  [jvm.dll+0x5e773]
V  [jvm.dll+0x5e863]
V  [jvm.dll+0x731ca]
V  [jvm.dll+0x73528]
V  [jvm.dll+0xe48b7]
V  [jvm.dll+0xe4c46]
V  [jvm.dll+0x1f9ae7]
V  [jvm.dll+0x22b2e4]
V  [jvm.dll+0x14d571]
C  [javaw.exe+0x20c6]
C  [javaw.exe+0xc9eb]
C  [javaw.exe+0xca7f]
C  [kernel32.dll+0x15a4d]
C  [ntdll.dll+0x2b831]


---------------  P R O C E S S  ---------------

Java Threads: ( => current thread )

Other Threads:

=>0x00000000025ee000 (exited) JavaThread "Unknown thread" [_thread_in_vm, id=7924, stack(0x0000000002a10000,0x0000000002b10000)]

VM state:not at safepoint (not fully initialized)

VM Mutex/Monitor currently owned by a thread: None

GC Heap History (0 events):
No events

Deoptimization events (0 events):
No events

Internal exceptions (0 events):
No events

Events (10 events):
Event: 0.014 loading class java/lang/CharSequence done
Event: 0.014 loading class java/lang/String done
Event: 0.014 loading class java/lang/Class
Event: 0.014 loading class java/lang/reflect/AnnotatedElement
Event: 0.014 loading class java/lang/reflect/AnnotatedElement done
Event: 0.014 loading class java/lang/reflect/GenericDeclaration
Event: 0.014 loading class java/lang/reflect/GenericDeclaration done
Event: 0.014 loading class java/lang/reflect/Type
Event: 0.014 loading class java/lang/reflect/Type done
Event: 0.014 loading class java/lang/Class done


Dynamic libraries:
0x000000013f570000 - 0x000000013f5a4000 	C:\Program Files\Java\jre1.8.0_25\bin\javaw.exe
0x00000000772f0000 - 0x0000000077499000 	C:\Windows\SYSTEM32\ntdll.dll
0x00000000770d0000 - 0x00000000771ef000 	C:\Windows\system32\kernel32.dll
0x000007fefd280000 - 0x000007fefd2ec000 	C:\Windows\system32\KERNELBASE.dll
0x000007fefd7a0000 - 0x000007fefd87b000 	C:\Windows\system32\ADVAPI32.dll
0x000007feff4f0000 - 0x000007feff58f000 	C:\Windows\system32\msvcrt.dll
0x000007feff2c0000 - 0x000007feff2df000 	C:\Windows\SYSTEM32\sechost.dll
0x000007fefeee0000 - 0x000007feff00d000 	C:\Windows\system32\RPCRT4.dll
0x00000000771f0000 - 0x00000000772ea000 	C:\Windows\system32\USER32.dll
0x000007feff590000 - 0x000007feff5f7000 	C:\Windows\system32\GDI32.dll
0x000007feff300000 - 0x000007feff30e000 	C:\Windows\system32\LPK.dll
0x000007fefec00000 - 0x000007fefecc9000 	C:\Windows\system32\USP10.dll
0x000007fefbc00000 - 0x000007fefbdf4000 	C:\Windows\WinSxS\amd64_microsoft.windows.common-controls_6595b64144ccf1df_6.0.7601.18837_none_fa3b1e3d17594757\COMCTL32.dll
0x000007fefecd0000 - 0x000007fefed41000 	C:\Windows\system32\SHLWAPI.dll
0x000007fefd4e0000 - 0x000007fefd50e000 	C:\Windows\system32\IMM32.DLL
0x000007fefed50000 - 0x000007fefee59000 	C:\Windows\system32\MSCTF.dll
0x000000006ad30000 - 0x000000006ae02000 	C:\Program Files\Java\jre1.8.0_25\bin\msvcr100.dll
0x00000000694b0000 - 0x0000000069d0a000 	C:\Program Files\Java\jre1.8.0_25\bin\server\jvm.dll
0x000007fef9670000 - 0x000007fef9679000 	C:\Windows\system32\WSOCK32.dll
0x000007fefde20000 - 0x000007fefde6d000 	C:\Windows\system32\WS2_32.dll
0x000007fefd4d0000 - 0x000007fefd4d8000 	C:\Windows\system32\NSI.dll
0x000007fefd240000 - 0x000007fefd27b000 	C:\Windows\system32\WINMM.dll
0x00000000774c0000 - 0x00000000774c7000 	C:\Windows\system32\PSAPI.DLL
0x0000000072a40000 - 0x0000000072a4f000 	C:\Program Files\Java\jre1.8.0_25\bin\verify.dll
0x000000006c000000 - 0x000000006c028000 	C:\Program Files\Java\jre1.8.0_25\bin\java.dll
0x000000006ec70000 - 0x000000006ec86000 	C:\Program Files\Java\jre1.8.0_25\bin\zip.dll
0x000007fef5b80000 - 0x000007fef5ca5000 	C:\Windows\system32\dbghelp.dll

VM Arguments:
jvm_args: -Dfile.encoding=UTF-8 -Xbootclasspath:D:\MyWorks\adt-bundle-windows-x86_x64\android-sdk\platforms\android-14\android.jar 
java_command: com.ips.merchant.CardNoUtils
java_class_path (initial): D:\MyWorks\adt-bundle-windows-x86_x64\workspace\UPMP\Î«·»Ô¾½¡±ê×¼°æ160818\libs\ips-commons-codec-1.10.jar;D:\MyWorks\adt-bundle-windows-x86_x64\workspace\UPMP\Î«·»Ô¾½¡±ê×¼°æ160818\libs\bcprov-jdk16-140.jar;D:\MyWorks\adt-bundle-windows-x86_x64\workspace\UPMP\Î«·»Ô¾½¡±ê×¼°æ160818\libs\ips_upmp_assist.jar;D:\MyWorks\adt-bundle-windows-x86_x64\workspace\UPMP\Î«·»Ô¾½¡±ê×¼°æ160818\libs\gson-2.2.2.jar;D:\MyWorks\adt-bundle-windows-x86_x64\workspace\UPMP\Î«·»Ô¾½¡±ê×¼°æ160818\libs\android-support-v7-appcompat.jar;D:\MyWorks\adt-bundle-windows-x86_x64\workspace\UPMP\Î«·»Ô¾½¡±ê×¼°æ160818\libs\ips-security-1.0.6.jar;D:\MyWorks\adt-bundle-windows-x86_x64\android-sdk\tools\support\annotations.jar;D:\MyWorks\adt-bundle-windows-x86_x64\workspace\UPMP\Î«·»Ô¾½¡±ê×¼°æ160818\bin\classes
Launcher Type: SUN_STANDARD

Environment Variables:
JAVA_HOME=C:\Program Files\Java\jdk1.8.0_25
JRE_HOME=C:\Program Files\Java\jre1.8.0_25
CLASSPATH=.;C:\Program Files\Java\jdk1.8.0_25\lib;C:\Program Files\Java\jdk1.8.0_25\lib\tools.jar;C:\Program Files\Java\jdk1.8.0_25\lib\dt.jar;C:\Program Files\Java\jre1.8.0_25\lib\rt.jar
PATH=C:/Program Files/Java/jre1.8.0_25/bin/server;C:/Program Files/Java/jre1.8.0_25/bin;C:/Program Files/Java/jre1.8.0_25/lib/amd64;C:\ProgramData\Oracle\Java\javapath;C:\Windows\system32;C:\Windows;C:\Windows\System32\Wbem;C:\Windows\System32\WindowsPowerShell\v1.0\;d:\ORACLE\instantclient_11_2;D:\Program Files\TortoiseSVN\bin;C:\Program Files (x86)\Skype\Phone\;D:\Program Files (x86)\OpenSSH\bin;.;C:\Program Files\Java\jdk1.8.0_25\bin;C:\Program Files\Java\jdk1.8.0_25\jre\bin;D:\MyWorks\adt-bundle-windows-x86_x64\android-sdk\platform-tools;D:\MyWorks\adt-bundle-windows-x86_x64\android-sdk\tools;D:\Program files\apache-ant-1.9.7\bin;D:\Program files\apache-ant-1.9.7\lib;D:\Program files\Android\Android Studio\gradle\gradle-2.10\bin;;D:\MyWorks\adt-bundle-windows-x86_x64\eclipse-Luna-x64;
USERNAME=IH847
OS=Windows_NT
PROCESSOR_IDENTIFIER=Intel64 Family 6 Model 60 Stepping 3, GenuineIntel



---------------  S Y S T E M  ---------------

OS: Windows 7 , 64 bit Build 7601 Service Pack 1

CPU:total 2 (2 cores per cpu, 1 threads per core) family 6 model 60 stepping 3, cmov, cx8, fxsr, mmx, sse, sse2, sse3, ssse3, sse4.1, sse4.2, popcnt, clmul, erms, lzcnt, tsc, tscinvbit

Memory: 4k page, physical 8303572k(2718220k free), swap 16605304k(10309768k free)

vm_info: Java HotSpot(TM) 64-Bit Server VM (25.25-b02) for windows-amd64 JRE (1.8.0_25-b18), built on Oct  7 2014 14:25:37 by "java_re" with MS VC++ 10.0 (VS2010)

time: Thu Aug 18 14:52:25 2016
elapsed time: 0 seconds (0d 0h 0m 0s)

