
2016-01-17 14:58:18|orderid[145257626484318900]|str[Buy100011268561452576264843189000.01CNYproducttypeproductdeschttp://localhost:2014/php_yingjie/callback.php0userId or other7day1]|hmac[824b3f5e652edd599af2d00ae1a47ada]
2016-01-17 15:06:53|orderid[1234qwerasdfzxcv11]|str[Buy100011268561234qwerasdfzxcv110.01CNYproducttypeproductdeschttp://localhost:2014/php_yingjie/callback.php0userId or other7day1]|hmac[e09a0bf70b6c3f64b697903bc086459a]
2016-01-17 15:09:34|orderid[1234qwerasdfzxcv11]|str[Buy100011268561234qwerasdfzxcv110.01CNYproducttypeproductdeschttp://localhost:2014/php_yingjie/callback.php0userId or other7day1]|hmac[e09a0bf70b6c3f64b697903bc086459a]
2016-01-17 15:11:58|orderid[145257626484318900]|str[Buy100011268561452576264843189000.01CNYproducttypeproductdeschttp://localhost:2014/php_yingjie/callback.php0userId or other7day1]|hmac[b1a8a695387bcd78ae9407fa4d7e0314]
2016-01-17 15:13:47|orderid[145257626484318900]|str[Buy100011268561452576264843189000.01CNYproducttypeproductdeschttp://localhost:2014/php_yingjie/callback.php0userId or other7day1]|hmac[2908441ba6c812816ebdda2b75701a02]
2016-01-17 15:16:40|orderid[145257626484318900]|str[Buy100011268561452576264843189000.01CNYproducttypeproductdeschttp://localhost:2014/php_yingjie/callback.php0userId or other7day1]|hmac[526424c571391105fbde32a497c0fee3]
2016-01-17 15:17:17|orderid[]|str[Buy10001126856CNY7day1]|hmac[50fd6a4c3d55e94085bfc6ea98ac9718]
2016-01-17 15:18:16|orderid[145257626484318900]|str[Buy100011268561452576264843189000.01CNYproductnameproducttypeproductdeschttp://localhost:2014/php_yingjie/callback.php0userId or other7day1]|hmac[8b71911deba945dcfa26c6d736824f45]
2016-01-17 15:18:29|orderid[145257626484318900]|str[Buy100011268561452576264843189000.01CNYproductnameproducttypeproductdeschttp://localhost:2014/php_yingjie/callback.php0userId or other7day1]|hmac[c3ca2f5563e133f89ea2649f4de45ab9]
2016-01-17 15:19:43|orderid[145257626484318900]|str[Buy100011268561452576264843189000.01CNYproductnameproducttypeproductdeschttp://localhost:2014/php_yingjie/callback.php0userId or other7day1]|hmac[c3ca2f5563e133f89ea2649f4de45ab9]
2016-01-17 15:21:22|orderid[145257626484318900]|str[Buy100011268561452576264843189000.01CNYproductnameproducttypeproductdeschttp://localhost:2014/php_yingjie/callback.php0userId or other7day1]|hmac[2908441ba6c812816ebdda2b75701a02]
2016-01-17 15:21:50|orderid[145257626484318900]|str[Buy100011268561452576264843189000.01CNYproductnameproducttypeproductdeschttp://localhost:2014/php_yingjie/callback.php0userId or other7day1]|hmac[2908441ba6c812816ebdda2b75701a02]
2016-01-17 15:23:08|orderid[]|str[Buy10001126856CNY7day1]|hmac[50fd6a4c3d55e94085bfc6ea98ac9718]
2016-01-17 15:23:24|orderid[145257626484318900]|str[Buy100011268561452576264843189000.01CNYproductnameproducttypeproductdeschttp://localhost:2014/php_yingjie/callback.php0userId or other7day1]|hmac[c3ca2f5563e133f89ea2649f4de45ab9]
2016-01-17 15:25:06|orderid[145257626484318900]|str[Buy100011268561452576264843189000.01CNYproductnameproducttypeproductdeschttp://localhost:2014/php_yingjie/callback.php0userId or other7day1]|hmac[c3ca2f5563e133f89ea2649f4de45ab9]
2016-01-17 15:29:46|orderid[]|str[Buy10001126856CNY7day1]|hmac[50fd6a4c3d55e94085bfc6ea98ac9718]
2016-01-17 15:32:21|orderid[145257626484318900]|str[Buy100011268561452576264843189000.01CNYproductnameproducttypeproductdeschttp://localhost:2014/php_yingjie/callback.php0userId or other7day1]|hmac[c3ca2f5563e133f89ea2649f4de45ab9]
2016-01-17 15:37:29|orderid[1]|str[Buy1000112685610.01CNYproductnameproducttypeproductdeschttp://localhost:2014/php_yingjie/callback.php0userId or other7day1]|hmac[1cad15f61da1b1515892018edcfe5c00]
2016-01-17 15:38:24|orderid[123]|str[Buy100011268561230.01CNYproductnameproducttypeproductdeschttp://localhost:2014/php_yingjie/callback.php0userId or other7day1]|hmac[a6640bbcb231636a99a763a8228de27c]
2016-01-17 15:41:10|orderid[123]|str[Buy100011268561230.01CNYproductnameproducttypeproductdeschttp://localhost:2014/php_yingjie/callback.php0userId or other7day1]|hmac[a6640bbcb231636a99a763a8228de27c]
2016-01-17 15:41:30|orderid[123]|str[Buy100011268561230.01CNYproductnameproducttypeproductdeschttp://localhost:2014/php_yingjie/callback.php0userId or other7day1]|hmac[a6640bbcb231636a99a763a8228de27c]
2016-01-17 15:41:55|orderid[123]|str[Buy100011268561230.01CNYproductnameproducttypeproductdeschttp://localhost:2014/php_yingjie/callback.php0userId or other7day1]|hmac[a6640bbcb231636a99a763a8228de27c]
2016-01-17 15:42:29|orderid[123]|str[Buy100011268561230.01CNYproductnameproducttypeproductdeschttp://localhost:2014/php_yingjie/callback.php0userId or other7day1]|hmac[e7b22628caedf4753ed7dc60443746f1]
2016-01-17 15:43:02|orderid[123]|str[Buy100011268561230.01CNYproductnameproducttypeproductdeschttp://localhost:2014/php_yingjie/callback.php0userId or other7day1]|hmac[e7b22628caedf4753ed7dc60443746f1]
2016-01-17 15:45:11|orderid[123]|str[Buy100011268561230.01CNYproductname啊producttypeproductdeschttp://localhost:2014/php_yingjie/callback.php0userId or other7day1]|hmac[2908441ba6c812816ebdda2b75701a02]
2016-01-17 15:46:02|orderid[123]|str[Buy100011268561230.01CNYproductname啊producttypeproductdeschttp://localhost:2014/php_yingjie/callback.php0userId or other7day1]|hmac[2908441ba6c812816ebdda2b75701a02]
2016-01-17 15:46:04|orderid[123]|str[Buy100011268561230.01CNYproductname啊producttypeproductdeschttp://localhost:2014/php_yingjie/callback.php0userId or other7day1]|hmac[2908441ba6c812816ebdda2b75701a02]
2016-01-17 15:46:04|orderid[123]|str[Buy100011268561230.01CNYproductname啊producttypeproductdeschttp://localhost:2014/php_yingjie/callback.php0userId or other7day1]|hmac[2908441ba6c812816ebdda2b75701a02]
2016-01-17 15:46:41|orderid[123]|str[Buy100011268561230.01CNYproductname啊producttypeproductdeschttp://localhost:2014/php_yingjie/callback.php0userId or other7day1]|hmac[2908441ba6c812816ebdda2b75701a02]
2016-01-17 15:46:42|orderid[123]|str[Buy100011268561230.01CNYproductname啊producttypeproductdeschttp://localhost:2014/php_yingjie/callback.php0userId or other7day1]|hmac[2908441ba6c812816ebdda2b75701a02]
2016-01-17 15:47:58|orderid[123]|str[Buy100011268561230.01CNYproductname啊producttypeproductdeschttp://localhost:2014/php_yingjie/callback.php0userId or other7day1]|hmac[2908441ba6c812816ebdda2b75701a02]
2016-01-17 17:02:44|orderid[123]|str[Buy100011268561230.01CNYproductnameproducttypeproductdeschttp://localhost:2014/php_yingjie/callback.php0userId or other7day1]|hmac[a6640bbcb231636a99a763a8228de27c]
2016-01-17 17:06:44|orderid[123]|str[Buy100011268561230.01CNYproductname啊producttypeproductdeschttp://localhost:2014/php_yingjie/callback.php0userId or other7day1]|hmac[de8c61fa23c1fdf38d6b60f4b4b53c2a]
2016-01-17 17:10:58|orderid[123]|str[Buy100011268561230.01CNYproductnameproducttypeproductdeschttp://localhost:2014/php_yingjie/callback.php0userId or other7day1]|hmac[a6640bbcb231636a99a763a8228de27c]
2016-01-17 17:11:16|orderid[123]|str[Buy100011268561230.01CNYproductnameproducttypeproductdeschttp://localhost:2014/php_yingjie/callback.php0userId or other7day1]|hmac[a6640bbcb231636a99a763a8228de27c]
2016-01-17 17:11:46|orderid[123]|str[Buy100011268561230.01CNYproductnameproducttypeproductdeschttp://localhost:2014/php_yingjie/callback.php0userId or other7day1]|hmac[a6640bbcb231636a99a763a8228de27c]
2016-01-18 00:52:13|orderid[123]|str[Buy100011268561230.01CNYproductname啊producttypeproductdeschttp://localhost:2014/php_yingjie/callback.php0userId or other7day1]|hmac[de8c61fa23c1fdf38d6b60f4b4b53c2a]
2016-01-18 00:52:54|orderid[123]|str[Buy100011268561230.01CNYproductname啊producttypeproductdeschttp://localhost:2014/php_yingjie/callback.php0userId or other7day1]|hmac[de8c61fa23c1fdf38d6b60f4b4b53c2a]
2016-01-18 00:55:35|orderid[123]|str[Buy100011268561230.01CNYproductname啊啊啊producttypeproductdeschttp://localhost:2014/php_yingjie/callback.php0userId or other7day1]|hmac[c940083e583f0467ee7f96dc79478c51]
2016-01-18 00:55:47|orderid[123]|str[Buy100011268561230.01CNYproductname啊啊producttypeproductdeschttp://localhost:2014/php_yingjie/callback.php0userId or other7day1]|hmac[c305e74f894981220aa0b6127d974079]
2016-01-18 03:04:10|orderid[145257626484318900]|str[Buy100011268561452576264843189000.01CNYproduct是producttypeproductdeschttp://localhost:2014/php_yingjie/callback.php0userId or other7day1]|hmac[de467a1c64f11e7b34ab39703d5d8ffa]
2016-01-18 11:07:01|orderid[145257626484318900w]|str[Buy10001126856145257626484318900w0.01CNY代付producttypeproductdeschttp://localhost:2014/php_yingjie/callback.php0userId or other7day1]|hmac[b0a5f5e3d37a6b3d9b217dd24fdc0f6e]
2016-01-19 07:04:51|orderid[]|str[Buy100011268560.01CNYproductnameproducttypeproductdeschttp://localhost:2014/php_yingjie/callback.php0userId or other7day1]|hmac[d5e6cfc995e548c5dce8267bb97cbee8]
2016-01-19 07:16:23|orderid[]|str[Buy100011268560.01CNYproductnameproducttypeproductdeschttp://localhost:2014/php_yingjie/callback.php0userId or other7day1]|hmac[d5e6cfc995e548c5dce8267bb97cbee8]
2016-01-20 01:46:48|orderid[0101601001435105]|str[Buy1000112685601016010014351050.01CNYproductnameproducttypeproductdeschttp://localhost:2014/php_yingjie/callback.php0userId or other7day1]|hmac[621d43d0a2d0632b97c8c8d852a2f8e4]
2016-01-20 02:47:50|orderid[74410050419388538]|str[Buy10001126856744100504193885380.01CNYMoneyHomeMoneyHomeProductMoneyHomeProductDeschttp://www.360lmd.com/modules/payment/callback.php0MoneyHome744100504193885387day1]|hmac[36ea870d794ccc9818a77312f75d004c]
2016-01-27 02:51:42|orderid[0101601001435105]|str[Buy1000112685601016010014351050.01CNYproductnameproducttypeproductdeschttp://localhost:2014/php_yingjie/callback.php0userId or other7day1]|hmac[621d43d0a2d0632b97c8c8d852a2f8e4]
2016-01-27 09:47:22|orderid[]|str[Buy100011268560.01CNYproductnameproducttypeproductdeschttp://localhost:2014/php_yingjie/callback.php0userId or other7day1]|hmac[d5e6cfc995e548c5dce8267bb97cbee8]
2016-01-28 07:49:05|orderid[]|str[RefundResults1000112685614525762648431890011]|hmac[d9eba48f248fb275c9e3cdd2f78fdd91]
2016-01-28 07:49:10|orderid[yeepay_88019683]|str[RefundResults-314525762648431890011yeepay_88019683]|hmac[05b9a7baf2fa2aa23eab710c7b01f640]
2016-01-28 07:56:32|orderid[]|str[RefundResults10001126856519627184554073I]|hmac[5e310fffba4e9b4846ae71093ffdd4a7]
2016-01-28 07:56:33|orderid[yeepay_88019788]|str[RefundResults-3519627184554073Iyeepay_88019788]|hmac[cf90075f43baacdddbe628590afe339f]
2016-01-28 07:56:45|orderid[yeepay_88019772]|str[RefundResults10001126856yeepay_88019772519627184554073I]|hmac[f3b94e437823d2bb8bcbfbefb811b051]
2016-01-28 07:56:45|orderid[yeepay_88019772]|str[RefundResults1519627184554073Iyeepay_8801977211]|hmac[1122527c2f0f174c02c23f88e8952ed1]
2016-02-17 16:29:30|orderid[]|str[Buy100011268560.01CNYproductnameproducttypeproductdeschttp://172.21.0.84/demo/wy/callback.php0userId or other7day1]|hmac[b03e8713b67e69f9138cf1abe3c1d59c]
2016-02-17 16:35:06|orderid[yeepay_88295829]|str[10001126856Buy1218530175302222I0.01RMBproductnameyeepay_88295829userId or other1]|hmac[b5a4ee0ac01d78b17c1b8fbb9de0b392]
2016-02-17 16:35:29|orderid[]|str[Buy100011268560.01CNYproductnameproducttypeproductdeschttp://172.21.0.84/demo/wy/callback.php0userId or other7day1]|hmac[b03e8713b67e69f9138cf1abe3c1d59c]
2016-02-17 16:36:22|orderid[yeepay_88295947]|str[10001126856Buy1715254282775882I0.01RMBproductnameyeepay_88295947userId or other1]|hmac[79f1e38769643a4e153e3ce980282f89]
2016-02-25 10:17:26|orderid[1234567aa]|str[Buy100011268561234567aa0.01CNYproductnameproducttypeproductdeschttp://localhost:2014/php_yingjie/callback.php0userId or other7day1]|hmac[f086010892e8fae1ffa37ea923b9b96f]
2016-02-25 10:19:13|orderid[a122333]|str[Buy10001126856a1223330.01CNYproductnameproducttypeproductdeschttp://localhost:2014/php_yingjie/callback.php0userId or other7day1]|hmac[f1523a6062477d2f1e1991fb12f8a02c]
2016-02-25 10:36:41|orderid[2016022501]|str[Buy1000112685620160225010.01CNYproductnameproducttypeproductdeschttp://localhost:2014/php_yingjie/callback.php0userId or other7day1]|hmac[b874ba1cc277427b640d370872e69a8d]
2016-02-25 10:37:13|orderid[2016022501]|str[Buy1000112685620160225010.01CNYproductnameproducttypeproductdeschttp://localhost:2014/php_yingjie/callback.php0userId or other7day1]|hmac[b874ba1cc277427b640d370872e69a8d]
2016-02-25 10:37:52|orderid[2016022501]|str[QueryOrdDetail1000112685620160225013.0]|hmac[362413cc04052765e6159895e29f2a8b]
2016-02-25 10:37:53|orderid[2016022501]|str[QueryOrdDetail1710527108426982I0.01RMBproductname2016022501userId or otherINIT00.0]|hmac[a352ede32bcd79ea70cdb9c44ad16a20]
2016-02-25 10:38:42|orderid[2016022501]|str[Buy1000112685620160225010.01CNYproductnameproducttypeproductdeschttp://localhost:2014/php_yingjie/callback.php0userId or other7day1]|hmac[b874ba1cc277427b640d370872e69a8d]
2016-02-25 10:40:34|orderid[2016022501]|str[QueryOrdDetail1000112685620160225013.0]|hmac[362413cc04052765e6159895e29f2a8b]
2016-02-25 10:40:34|orderid[2016022501]|str[QueryOrdDetail1710527108426982I0.01RMBproductname2016022501userId or otherSUCCESS00.0]|hmac[a566779be0796dda7857c79c0ea99009]
2016-02-25 10:40:40|orderid[2016022501]|str[Buy1000112685620160225010.01CNYproductnameproducttypeproductdeschttp://localhost:2014/php_yingjie/callback.php0userId or other7day1]|hmac[b874ba1cc277427b640d370872e69a8d]
2016-02-26 15:29:06|orderid[2016022601]|str[Buy1000112685620160226010.01CNYproductnameproducttypeproductdeschttp://localhost:2014/php_yingjie/callback.php0userId or other7day1]|hmac[3bd1303965896ead073d980dc3d86f8d]
2016-02-26 18:45:07|orderid[]|str[Buy100011268560.01CNYproductnameproducttypeproductdeschttp://localhost:2014/php_yingjie/callback.php0userId or other7day1]|hmac[d5e6cfc995e548c5dce8267bb97cbee8]
2016-02-26 18:45:20|orderid[]|str[RefundOrd10001126856CNY]|hmac[bb8a5e113381083d224f4c274924427b]
2016-02-26 18:45:20|orderid[]|str[-1]|hmac[df939e90c19b8ecefc18ef030c8f565c]
2016-02-29 11:28:21|orderid[123344455661]|str[Buy100011268561233444556610.01CNYproductnameproducttypeproductdeschttp://localhost:2014/php_yingjie/callback.php0userId or otherUNICOM-NET7day1]|hmac[bd9ac254a5f606c610ddd4c9be5652c6]
2016-03-01 17:47:14|orderid[710527108426982I ]|str[RefundOrd1000112685620150301710527108426982I 1CNY]|hmac[79d0493f328d0acb930fed88b98a4322]
2016-03-01 17:47:14|orderid[]|str[-1]|hmac[df939e90c19b8ecefc18ef030c8f565c]
2016-03-01 17:49:33|orderid[710527108426982I]|str[RefundOrd10001126856710527108426982I1CNY]|hmac[092f5ad95accda1279c3f6c4c0c085e2]
2016-03-01 17:49:34|orderid[]|str[RefundOrd10]|hmac[099d765bfe6d53327136772a65985f2b]
2016-03-02 09:45:16|orderid[710527108426982I]|str[RefundOrd100011268562015022501710527108426982I100.00CNY]|hmac[3ddfa7afc6c4c423be4e9ea25fdfb038]
2016-03-02 09:45:16|orderid[]|str[-1]|hmac[df939e90c19b8ecefc18ef030c8f565c]
2016-03-02 09:51:59|orderid[710527108426982I]|str[RefundOrd100011268562015022501710527108426982I100.00CNY]|hmac[3ddfa7afc6c4c423be4e9ea25fdfb038]
2016-03-02 09:51:59|orderid[]|str[-1]|hmac[df939e90c19b8ecefc18ef030c8f565c]
2016-03-02 09:55:25|orderid[710527108426982I]|str[RefundOrd100011268562015022501710527108426982I100.00CNY]|hmac[3ddfa7afc6c4c423be4e9ea25fdfb038]
2016-03-02 09:55:25|orderid[]|str[-1]|hmac[df939e90c19b8ecefc18ef030c8f565c]
2016-03-02 13:42:58|orderid[710527108426982I]|str[RefundOrd10001126856710527108426982I100.00CNY]|hmac[7a001f2fb779423cf88a320ca6090536]
2016-03-02 13:42:59|orderid[]|str[RefundOrd10]|hmac[099d765bfe6d53327136772a65985f2b]
2016-03-02 14:19:43|orderid[2016022501111]|str[Buy1000112685620160225011110.01CNYproductnameproducttypeproductdeschttp://localhost:2014/php_yingjie/callback.php0userId or other7day1]|hmac[5f418aa5850ca956aec8760e0eb99a87]
2016-03-02 14:22:52|orderid[1452576264843189001111]|str[1000112685614525762648431890011110.01CNYproductnameproducttypeproductdeschttp://localhost:2014/php_yingjie/callback.php0userId or other7day1]|hmac[0e992d61deb90893262cb9fc42a1224e]
2016-03-02 14:36:52|orderid[Buy]|str[10001126856Buy0.01CNYproductnameproducttypeproductdeschttp://localhost:2014/php_yingjie/callback.php0userId or other7day]|hmac[dcf2bd9138eb2fa83f730e4beef7ba50]
2016-03-02 14:39:22|orderid[0101601001435105]|str[Buy1000112685601016010014351050.01CNYproductnameproducttypeproductdeschttp://localhost:2014/php_yingjie/callback.php0userId or other7day1]|hmac[621d43d0a2d0632b97c8c8d852a2f8e4]
2016-03-02 14:49:16|orderid[0.01]|str[1452576264843189001100011268560.01CNYproductnameproducttypeproductdeschttp://localhost:2014/php_yingjie/callback.phpuserId or other]|hmac[550effa3143c636dea197d56a46f99e3]
2016-03-02 14:49:58|orderid[0.01]|str[100011268560.01CNYproductnameproducttypeproductdeschttp://localhost:2014/php_yingjie/callback.phpuserId or other]|hmac[7b4d348191100e8a30ec205f964deade]
2016-03-02 14:50:19|orderid[0.01]|str[100011268560.01CNYproductnameproducttypeproductdeschttp://localhost:2014/php_yingjie/callback.phpuserId or other]|hmac[7b4d348191100e8a30ec205f964deade]
2016-03-02 14:50:33|orderid[0.01]|str[100011268560.01CNYproductnameproducttypeproductdeschttp://localhost:2014/php_yingjie/callback.phpuserId or other]|hmac[7b4d348191100e8a30ec205f964deade]
2016-03-02 14:51:08|orderid[0.01]|str[100011268560.01CNYproductnameproducttypeproductdeschttp://localhost:2014/php_yingjie/callback.phpuserId or other]|hmac[7b4d348191100e8a30ec205f964deade]
2016-03-02 14:53:16|orderid[]|str[Load100011268560.01CNYproductnameproducttypeproductdeschttp://localhost:2014/php_yingjie/callback.phpuserId or otheradmin02.0]|hmac[07a8c6ec140d3ef9b7d1e23d2a8dd197]
2016-03-02 14:53:24|orderid[]|str[Load100011268560.01CNYproductnameproducttypeproductdeschttp://localhost:2014/php_yingjie/callback.phpuserId or otheradmin02.0]|hmac[07a8c6ec140d3ef9b7d1e23d2a8dd197]
2016-03-02 15:20:12|orderid[]|str[Load100011268560.01CNYproductnameproducttypeproductdeschttp://localhost:2014/php_yingjie/callback.phpuserId or otheradmin02.0]|hmac[07a8c6ec140d3ef9b7d1e23d2a8dd197]
2016-03-02 15:20:38|orderid[cz2016030201]|str[Load10001126856cz20160302010.01CNYproductnameproducttypeproductdeschttp://localhost:2014/php_yingjie/callback.phpuserId or otheradmin02.0]|hmac[b3dee49c6127b198a5beb2cc1251af48]
2016-03-02 15:28:07|orderid[cz2016030201]|str[Load10001126856cz20160302010.01CNYproductnameproducttypeproductdeschttp://localhost:2014/php_yingjie/callback.phpuserId or otheradmin02.0]|hmac[b3dee49c6127b198a5beb2cc1251af48]
2016-03-02 15:29:09|orderid[cz2016030201]|str[Load10001126856cz20160302010.01CNYproductnameproducttypeproductdeschttp://localhost:2014/php_yingjie/callback.phpuserId or otheradmin02.0]|hmac[b3dee49c6127b198a5beb2cc1251af48]
2016-03-02 15:30:06|orderid[]|str[Load100011268560.01CNYproductnameproducttypeproductdeschttp://localhost:2014/php_yingjie/callback.phpuserId or otheradmin0]|hmac[fac2d0d06c0d0ad81e4a458d69fee34a]
2016-03-02 15:43:25|orderid[cz2016030202]|str[Load10011830666cz20160302020.01CNYproductnameproducttypeproductdeschttp://localhost:2014/php_yingjie/callback.phpuserId or otheradmin]|hmac[5d20856a2b0c0bd5e4ded6877ce14d03]
2016-03-02 15:43:41|orderid[cz2016030202]|str[Load10011830666cz20160302020.01CNYproductnameproducttypeproductdeschttp://localhost:2014/php_yingjie/callback.phpuserId or otheradmin0]|hmac[45ebde43ef34d6f0ef09b3a18558529a]
2016-03-02 15:45:43|orderid[cz2016030202]|str[Load10001126856cz20160302020.01CNYproductnameproducttypeproductdeschttp://localhost:2014/php_yingjie/callback.phpuserId or otheradmin0]|hmac[e78cddee233e73f140d0f6a5a7282a59]
2016-03-03 14:34:55|orderid[2016022501]|str[QueryOrdDetail1000112685620160225013.0]|hmac[362413cc04052765e6159895e29f2a8b]
2016-03-03 14:34:57|orderid[2016022501]|str[QueryOrdDetail1710527108426982I0.01RMBproductname2016022501userId or otherSUCCESS00.0]|hmac[a566779be0796dda7857c79c0ea99009]
2016-03-03 14:35:52|orderid[2016022501]|str[QueryOrdDetail1000112685620160225013.02]|hmac[893f09f497355a0522d0fee8048e55e9]
2016-03-03 14:35:52|orderid[2016022501]|str[QueryOrdDetail1710527108426982I0.01RMBproductname2016022501userId or other2016022510333020160225000000SUCCESS00.0]|hmac[ffbf12dffc777e419041e79a25d3e623]
2016-03-04 16:35:56|orderid[201602250111]|str[Load100011268562016022501110.01CNYproductnameproducttypeproductdeschttp://localhost:2014/php_yingjie/callback.phpuserId or otheradmin02.0]|hmac[5f00e9aa32c9a2436e3a2a61d57b9fa7]
2016-03-09 11:17:48|orderid[cz2016030209]|str[Buy10001126856cz20160302090.01CNYproductnameproducttypeproductdeschttp://localhost:2014/php_yingjie/callback.php0userId or other7day1]|hmac[9d98f20b5c7cc2a2f8d08dfb0db7f429]
2016-03-09 11:20:31|orderid[915268296163732I ]|str[RefundOrd10001126856915268296163732I 1CNY]|hmac[367f349840ee33eff1b948f128650383]
2016-03-09 11:20:32|orderid[]|str[RefundOrd10]|hmac[099d765bfe6d53327136772a65985f2b]
2016-03-09 11:20:40|orderid[915268296163732I]|str[RefundOrd10001126856915268296163732I1CNY]|hmac[e2092e0e3862140efc7278546224af40]
2016-03-09 11:20:40|orderid[]|str[RefundOrd10]|hmac[099d765bfe6d53327136772a65985f2b]
2016-03-09 11:21:15|orderid[915268296163732I]|str[RefundOrd10001126856915268296163732I0.01CNY]|hmac[498b7b298d2ac3488785f1bc772a5b5d]
2016-03-09 11:21:15|orderid[915268296163732I]|str[RefundOrd1915268296163732I0.01RMByeepay_886746330.0]|hmac[1a7c8e4efe120253f74915abdc09b217]
2016-03-09 11:22:33|orderid[915268296163732I]|str[RefundOrd10001126856915268296163732I0.01CNY]|hmac[498b7b298d2ac3488785f1bc772a5b5d]
2016-03-09 11:22:33|orderid[]|str[RefundOrd10]|hmac[099d765bfe6d53327136772a65985f2b]
2016-03-09 11:22:41|orderid[915268296163732I]|str[RefundOrd10001126856915268296163732I0.01CNY]|hmac[498b7b298d2ac3488785f1bc772a5b5d]
2016-03-09 11:22:41|orderid[]|str[RefundOrd10]|hmac[099d765bfe6d53327136772a65985f2b]
2016-03-09 11:26:21|orderid[cz20160309]|str[Buy10001126856cz201603090.10CNYproductnameproducttypeproductdeschttp://localhost:2014/php_yingjie/callback.php0userId or other7day1]|hmac[a03bf8af907151b5438cc0f5d80a706f]
2016-03-09 11:27:28|orderid[915268296163732I]|str[RefundOrd10001126856915268296163732I0.01CNY]|hmac[498b7b298d2ac3488785f1bc772a5b5d]
2016-03-09 11:27:28|orderid[]|str[RefundOrd10]|hmac[099d765bfe6d53327136772a65985f2b]
2016-03-09 11:28:53|orderid[218535445852172I]|str[RefundOrd10001126856218535445852172I0.01CNY]|hmac[ef0dd9b8c6bab776a0eecacf545e7cf2]
2016-03-09 11:28:53|orderid[218535445852172I]|str[RefundOrd1218535445852172I0.01RMByeepay_886747790.0]|hmac[7ecf9166b7934cc763e3c783df682f9f]
2016-03-09 11:32:12|orderid[218535445852172I]|str[RefundOrd10001126856218535445852172I0.01CNY]|hmac[ef0dd9b8c6bab776a0eecacf545e7cf2]
2016-03-09 11:32:14|orderid[218535445852172I]|str[RefundOrd1218535445852172I0.01RMByeepay_88674849]|hmac[35f7808ec2fa4f42ff09584154800a3d]
2016-03-09 11:36:16|orderid[218535445852172I]|str[RefundOrd10001126856218535445852172I0.01CNY]|hmac[ef0dd9b8c6bab776a0eecacf545e7cf2]
2016-03-09 11:36:16|orderid[218535445852172I]|str[RefundOrd1218535445852172I0.01RMByeepay_88674926]|hmac[7c7a40137121020fd9034876eee06f85]
2016-03-09 11:37:14|orderid[218535445852172I]|str[RefundOrd10001126856218535445852172I0.01CNY]|hmac[ef0dd9b8c6bab776a0eecacf545e7cf2]
2016-03-09 11:37:14|orderid[218535445852172I]|str[RefundOrd1218535445852172I0.01RMByeepay_88674952]|hmac[4b4490d6c3daea2137a8ca1fd172b3dc]
2016-03-09 11:38:29|orderid[218535445852172I]|str[RefundOrd10001126856218535445852172I0.01CNY]|hmac[ef0dd9b8c6bab776a0eecacf545e7cf2]
2016-03-09 11:38:30|orderid[218535445852172I]|str[RefundOrd1218535445852172I0.01RMByeepay_88674974]|hmac[5e7436e15be0ba5338e537c6cf525749]
2016-03-09 11:39:54|orderid[218535445852172I]|str[RefundOrd10001126856218535445852172I0.01CNY]|hmac[ef0dd9b8c6bab776a0eecacf545e7cf2]
2016-03-09 11:39:55|orderid[218535445852172I]|str[RefundOrd1218535445852172I0.01RMByeepay_886749990.0]|hmac[082c8ab90cc84edb64e31eb6a1a19926]
2016-03-09 11:43:45|orderid[218535445852172I]|str[RefundOrd10001126856tk007218535445852172I0.01CNY]|hmac[1f56be7ba6302f50fe7076028c04f27a]
2016-03-09 11:43:45|orderid[]|str[-1]|hmac[df939e90c19b8ecefc18ef030c8f565c]
2016-03-09 11:44:10|orderid[218535445852172I]|str[RefundOrd10001126856tk008218535445852172I0.01CNY]|hmac[b66b9f9f5214f2cc8ad2860f6ffde5b3]
2016-03-09 11:44:10|orderid[]|str[-1]|hmac[df939e90c19b8ecefc18ef030c8f565c]
2016-03-09 11:45:58|orderid[218535445852172I]|str[RefundOrd10001126856218535445852172I0.01CNY]|hmac[ef0dd9b8c6bab776a0eecacf545e7cf2]
2016-03-09 11:45:58|orderid[218535445852172I]|str[RefundOrd1218535445852172I0.01RMB]|hmac[92b82e5e6d864ac83a9b2a09cb92da3f]
2016-03-09 11:48:05|orderid[218535445852172I]|str[RefundOrd10001126856218535445852172I0.01CNY]|hmac[ef0dd9b8c6bab776a0eecacf545e7cf2]
2016-03-09 11:48:05|orderid[218535445852172I]|str[RefundOrd1218535445852172I0.01RMB]|hmac[92b82e5e6d864ac83a9b2a09cb92da3f]
2016-03-09 11:56:48|orderid[218535445852172I]|str[RefundOrd10001126856tk2016030909218535445852172I0.01CNY]|hmac[17b477e17040cbff881234f0cdc6d490]
2016-03-09 11:56:48|orderid[218535445852172I]|str[RefundOrd1218535445852172I0.01RMB]|hmac[92b82e5e6d864ac83a9b2a09cb92da3f]
2016-05-18 17:29:50|orderid[]|str[Buy100011268560.01CNYproductnameproducttypeproductdeschttp://localhost:2014/php_yingjie/callback.php0userId or other7day1]|hmac[f8edd64e089ec1ae96ba3c1335f821af]
2016-05-18 17:30:32|orderid[]|str[Buy100011268560.01CNYproductnameproducttypeproductdeschttp://localhost:2014/php_yingjie/callback.php0userId or other7day1]|hmac[f8edd64e089ec1ae96ba3c1335f821af]
2016-05-18 17:30:56|orderid[]|str[Buy100011268560.01CNYproductnameproducttypeproductdeschttp://localhost:2014/php_yingjie/callback.php0userId or other7day1]|hmac[eedd2e1a1bcb17150f4445df6184aa62]
2016-05-18 17:31:29|orderid[]|str[Buy100011268560.01CNYproductnameproducttypeproductdeschttp://localhost:2014/php_yingjie/callback.php0userId or other7day1]|hmac[d5e6cfc995e548c5dce8267bb97cbee8]
2016-05-18 17:41:22|orderid[C14635614757183541]|str[Buy10001126856C146356147571835410.01CNY添财乐http://192.168.1.188:56001/index.php/pay/yeepay_url/houtai/07day1]|hmac[9e698ebd96f7f78e3d8e736b16d5a0c5]
2016-05-18 17:43:35|orderid[C14635614757183541]|str[Buy10001126856C146356147571835410.01CNY添财乐http://localhost:2014/php_yingjie/callback.php07day1]|hmac[d0b23a4e4f085cd2a28ffc5679c28f1e]
2016-05-19 09:43:52|orderid[]|str[Buy100132989990.01CNYproductnameproducttypeproductdeschttp://localhost:2014/php_yingjie/callback.php0userId or other7day1]|hmac[9cbe468cd2ebfc5da609a779811e784d]
2016-05-19 09:50:43|orderid[xmg-05190949487343]|str[Buy10013298999xmg-051909494873430.01CNY团队版（公有云）1购买企业用户12个月授权http://www.xiangmuguo.com/yb/callback.php0xmg7day1]|hmac[ae7d07279bbb2785acb624c7934cc2b2]
2016-05-27 14:27:03|orderid[818268224252232F ]|str[RefundOrd10013272478818268224252232F 100CNY]|hmac[6ab8dbe694b3a4829e514e413bec50e4]
2016-05-27 14:27:03|orderid[]|str[RefundOrd18]|hmac[139fba36f035def68e3875bd8181a64f]
2016-05-27 14:28:43|orderid[818268224252232F ]|str[RefundOrd10013272478818268224252232F 100CNY]|hmac[6ab8dbe694b3a4829e514e413bec50e4]
2016-05-27 14:28:43|orderid[]|str[RefundOrd18]|hmac[139fba36f035def68e3875bd8181a64f]
2016-05-27 14:29:57|orderid[818268224252232F ]|str[RefundOrd10013272478818268224252232F 100CNY]|hmac[6ab8dbe694b3a4829e514e413bec50e4]
2016-05-27 14:29:57|orderid[]|str[RefundOrd18]|hmac[139fba36f035def68e3875bd8181a64f]
2016-05-27 14:32:00|orderid[818268224252232F]|str[RefundOrd10013272478818268224252232F100CNY]|hmac[e032809715d656361f21fbaefb1006ea]
2016-05-27 14:32:00|orderid[]|str[RefundOrd18]|hmac[139fba36f035def68e3875bd8181a64f]
2016-05-27 14:34:14|orderid[818268224252232F ]|str[RefundOrd10013272478818268224252232F 99CNY]|hmac[cc568b162229a6b72078b6c620bc720a]
2016-05-27 14:34:14|orderid[818268224252232F+]|str[RefundOrd1818268224252232F+99.0RMB]|hmac[a00e067dc6c17817d914dd0c73e36643]
2016-05-27 14:34:37|orderid[818268224252232F ]|str[RefundOrd10013272478818268224252232F 99CNY]|hmac[cc568b162229a6b72078b6c620bc720a]
2016-05-27 14:34:37|orderid[]|str[RefundOrd10]|hmac[02e3c85c89ae42c161e2cf8c81b878f7]
2016-05-27 14:35:27|orderid[818268224252232F ]|str[RefundOrd10013272478818268224252232F 100CNY]|hmac[6ab8dbe694b3a4829e514e413bec50e4]
2016-05-27 14:35:27|orderid[]|str[RefundOrd10]|hmac[02e3c85c89ae42c161e2cf8c81b878f7]
2016-05-27 14:36:26|orderid[230231198807051525w08160520100833y1 ]|str[QueryOrdDetail10013272478230231198807051525w08160520100833y1 3.0]|hmac[64feb54948735f46c41b63755a1b9db3]
2016-05-27 14:36:26|orderid[230231198807051525w08160520100833y1]|str[QueryOrdDetail1818268224252232F100.0RMB2016年盱眙县公开招聘教师考试230231198807051525w08160520100833y1SUCCESS199.0]|hmac[157fc075aee3bb9017110c74f57c78f0]
2016-05-27 14:37:02|orderid[]|str[RefundResults10013272478818268224252232F]|hmac[1af87ef84c3850dbc0b470421e7f9ae6]
2016-05-27 14:37:02|orderid[yeepay_93600896]|str[RefundResults-3818268224252232Fyeepay_93600896]|hmac[09d28a0906987f9d2f78caff86849d00]
2016-05-27 14:37:30|orderid[818268224252232F]|str[RefundOrd10013272478818268224252232F0.2CNY]|hmac[f524514b1954af7f5ba4aa46434b52cb]
2016-05-27 14:37:31|orderid[818268224252232F]|str[RefundOrd1818268224252232F0.2RMB]|hmac[68f31766ab5dc611c89fbdc0c4249c9b]
2016-05-27 14:37:59|orderid[yeepay_93600924]|str[RefundOrd10013272478yeepay_9360092450CNY]|hmac[caca05a65d4cd5e5bd7d3b9c8a66e0d1]
2016-05-27 14:37:59|orderid[]|str[RefundOrd50]|hmac[60fa9c8f5fe93cb5ce7f2878e430e27f]
2016-05-27 14:38:28|orderid[818268224252232F]|str[RefundOrd10013272478818268224252232F80CNY]|hmac[54215a48f0fae77c8f2d5337f7567f7f]
2016-05-27 14:38:28|orderid[]|str[RefundOrd10]|hmac[02e3c85c89ae42c161e2cf8c81b878f7]
2016-05-27 14:38:48|orderid[230231198807051525w08160520100833y1]|str[QueryOrdDetail10013272478230231198807051525w08160520100833y13.0]|hmac[d831f95afc5f47053fd69b6d200d3c9d]
2016-05-27 14:38:52|orderid[230231198807051525w08160520100833y1]|str[QueryOrdDetail1818268224252232F100.0RMB2016年盱眙县公开招聘教师考试230231198807051525w08160520100833y1SUCCESS299.2]|hmac[7aa7432589241f21d538ce406c9cc145]
2016-05-27 14:38:52|orderid[230231198807051525w08160520100833y1]|str[QueryOrdDetail10013272478230231198807051525w08160520100833y13.0]|hmac[d831f95afc5f47053fd69b6d200d3c9d]
2016-05-27 14:38:52|orderid[230231198807051525w08160520100833y1]|str[QueryOrdDetail1818268224252232F100.0RMB2016年盱眙县公开招聘教师考试230231198807051525w08160520100833y1SUCCESS299.2]|hmac[7aa7432589241f21d538ce406c9cc145]
2016-05-27 14:39:25|orderid[818268224252232F]|str[RefundOrd10013272478818268224252232F0.8CNY]|hmac[12b3d3afa721f847a27b31a4e0d11162]
2016-05-27 14:39:26|orderid[]|str[RefundOrd18]|hmac[139fba36f035def68e3875bd8181a64f]
2016-05-27 14:39:34|orderid[818268224252232F]|str[RefundOrd10013272478818268224252232F0.2CNY]|hmac[f524514b1954af7f5ba4aa46434b52cb]
2016-05-27 14:39:34|orderid[]|str[RefundOrd18]|hmac[139fba36f035def68e3875bd8181a64f]
2016-05-31 09:35:25|orderid[]|str[Buy100132724780.01CNYproductnameproducttypeproductdeschttp://localhost:2014/php_yingjie/callback.php0userId or other7day1]|hmac[b44a11603653773e720e832833bd528e]
2016-05-31 09:36:29|orderid[]|str[Buy100132724780.01CNYproductnameproducttypeproductdeschttp://localhost:2014/php_yingjie/callback.php0userId or other7day1]|hmac[b44a11603653773e720e832833bd528e]
2016-07-12 16:48:34|orderid[218565721722162I]|str[RefundOrd10013272478218565721722162I100CNY]|hmac[576475f3cf6b5fc328fd42a75502c00c]
2016-07-12 16:48:34|orderid[218565721722162I]|str[RefundOrd1218565721722162I100.0RMB]|hmac[5deaf1423c7e10a9327358483a1ebb2e]